INFO:root:Thu Sep  3 12:00:13 2020 | Data from Google Sheet retrieved at Thu Sep  3 12:00:13 2020
INFO:root:Thu Sep  3 12:00:13 2020 | cpu times: OrderedDict([('user', 259.52), ('nice', 20.17), ('system', 57.95), ('idle', 243051.85), ('iowait', 52.16), ('irq', 0.0), ('softirq', 1.6), ('steal', 23.67), ('guest', 0.0), ('guest_nice', 0.0)]) | virtual memory: OrderedDict([('total', 1026158592), ('available', 503070720), ('percent', 51.0), ('used', 360222720), ('free', 255733760), ('active', 470896640), ('inactive', 166834176), ('buffers', 82391040), ('cached', 327811072), ('shared', 786432), ('slab', 96571392)])
INFO:root:Thu Sep  3 12:00:13 2020 | Beginning processing at Thu Sep  3 12:00:13 2020, running 2 queries
INFO:root:Thu Sep  3 12:00:13 2020 | cpu times: OrderedDict([('user', 259.52), ('nice', 20.17), ('system', 57.95), ('idle', 243051.85), ('iowait', 52.16), ('irq', 0.0), ('softirq', 1.6), ('steal', 23.67), ('guest', 0.0), ('guest_nice', 0.0)]) | virtual memory: OrderedDict([('total', 1026158592), ('available', 502554624), ('percent', 51.0), ('used', 360738816), ('free', 255217664), ('active', 470306816), ('inactive', 166834176), ('buffers', 82391040), ('cached', 327811072), ('shared', 786432), ('slab', 96571392)])
INFO:root:Thu Sep  3 12:00:33 2020 | Successful | No alert triggered
INFO:root:Thu Sep  3 12:00:52 2020 | Error | query returned 0 results
INFO:root:Thu Sep  3 12:00:52 2020 | Processing completed in 38.44 seconds
INFO:root:Thu Sep  3 12:00:52 2020 | cpu times: OrderedDict([('user', 259.9), ('nice', 20.17), ('system', 58.05), ('idle', 243089.52), ('iowait', 52.37), ('irq', 0.0), ('softirq', 1.6), ('steal', 23.67), ('guest', 0.0), ('guest_nice', 0.0)]) | virtual memory: OrderedDict([('total', 1026158592), ('available', 488472576), ('percent', 52.4), ('used', 374484992), ('free', 237776896), ('active', 488189952), ('inactive', 166637568), ('buffers', 83808256), ('cached', 330088448), ('shared', 786432), ('slab', 97243136)])
INFO:root:Thu Sep  3 12:01:52 2020 | cpu times: OrderedDict([('user', 259.96), ('nice', 20.17), ('system', 58.06), ('idle', 243149.41), ('iowait', 52.38), ('irq', 0.0), ('softirq', 1.6), ('steal', 23.68), ('guest', 0.0), ('guest_nice', 0.0)]) | virtual memory: OrderedDict([('total', 1026158592), ('available', 489529344), ('percent', 52.3), ('used', 373428224), ('free', 238809088), ('active', 486383616), ('inactive', 166637568), ('buffers', 83816448), ('cached', 330104832), ('shared', 786432), ('slab', 97243136)])
INFO:root:Thu Sep  3 12:02:52 2020 | cpu times: OrderedDict([('user', 259.98), ('nice', 20.17), ('system', 58.09), ('idle', 243209.33), ('iowait', 52.39), ('irq', 0.0), ('softirq', 1.6), ('steal', 23.68), ('guest', 0.0), ('guest_nice', 0.0)]) | virtual memory: OrderedDict([('total', 1026158592), ('available', 490065920), ('percent', 52.2), ('used', 372891648), ('free', 239325184), ('active', 485744640), ('inactive', 166633472), ('buffers', 83832832), ('cached', 330108928), ('shared', 786432), ('slab', 97243136)])
INFO:root:Thu Sep  3 12:03:53 2020 | Data from Google Sheet retrieved at Thu Sep  3 12:03:53 2020
INFO:root:Thu Sep  3 12:03:53 2020 | cpu times: OrderedDict([('user', 260.86), ('nice', 20.17), ('system', 58.29), ('idle', 243269.34), ('iowait', 52.4), ('irq', 0.0), ('softirq', 1.6), ('steal', 23.69), ('guest', 0.0), ('guest_nice', 0.0)]) | virtual memory: OrderedDict([('total', 1026158592), ('available', 502341632), ('percent', 51.0), ('used', 360611840), ('free', 251555840), ('active', 490684416), ('inactive', 149725184), ('buffers', 83841024), ('cached', 330149888), ('shared', 786432), ('slab', 97222656)])
INFO:root:Thu Sep  3 12:03:53 2020 | Beginning processing at Thu Sep  3 12:03:53 2020, running 3 queries
INFO:root:Thu Sep  3 12:03:53 2020 | cpu times: OrderedDict([('user', 260.87), ('nice', 20.17), ('system', 58.29), ('idle', 243269.34), ('iowait', 52.4), ('irq', 0.0), ('softirq', 1.6), ('steal', 23.69), ('guest', 0.0), ('guest_nice', 0.0)]) | virtual memory: OrderedDict([('total', 1026158592), ('available', 502599680), ('percent', 51.0), ('used', 360353792), ('free', 251813888), ('active', 490278912), ('inactive', 149725184), ('buffers', 83841024), ('cached', 330149888), ('shared', 786432), ('slab', 97222656)])
INFO:root:Thu Sep  3 12:04:22 2020 | Successful | No alert triggered
INFO:root:Thu Sep  3 12:06:53 2020 | Successful | No alert triggered
INFO:root:Thu Sep  3 12:07:41 2020 | Error | query returned 0 results
INFO:root:Thu Sep  3 12:07:42 2020 | Processing completed in 228.23 seconds
INFO:root:Thu Sep  3 12:07:42 2020 | cpu times: OrderedDict([('user', 261.92), ('nice', 20.17), ('system', 58.48), ('idle', 243495.86), ('iowait', 52.42), ('irq', 0.0), ('softirq', 1.61), ('steal', 23.71), ('guest', 0.0), ('guest_nice', 0.0)]) | virtual memory: OrderedDict([('total', 1026158592), ('available', 482099200), ('percent', 53.0), ('used', 380854272), ('free', 231264256), ('active', 512004096), ('inactive', 148135936), ('buffers', 83881984), ('cached', 330158080), ('shared', 786432), ('slab', 97255424)])
INFO:root:Thu Sep  3 12:08:00 2020 | Data from Google Sheet retrieved at Thu Sep  3 12:08:00 2020
INFO:root:Thu Sep  3 12:08:00 2020 | cpu times: OrderedDict([('user', 262.72), ('nice', 20.17), ('system', 58.63), ('idle', 243512.89), ('iowait', 52.42), ('irq', 0.0), ('softirq', 1.61), ('steal', 23.72), ('guest', 0.0), ('guest_nice', 0.0)]) | virtual memory: OrderedDict([('total', 1026158592), ('available', 503808000), ('percent', 50.9), ('used', 359145472), ('free', 252964864), ('active', 499302400), ('inactive', 139825152), ('buffers', 83890176), ('cached', 330158080), ('shared', 786432), ('slab', 97230848)])
INFO:root:Thu Sep  3 12:08:00 2020 | Beginning processing at Thu Sep  3 12:08:00 2020, running 3 queries
INFO:root:Thu Sep  3 12:08:00 2020 | cpu times: OrderedDict([('user', 262.72), ('nice', 20.17), ('system', 58.63), ('idle', 243512.89), ('iowait', 52.42), ('irq', 0.0), ('softirq', 1.61), ('steal', 23.72), ('guest', 0.0), ('guest_nice', 0.0)]) | virtual memory: OrderedDict([('total', 1026158592), ('available', 503549952), ('percent', 50.9), ('used', 359403520), ('free', 252706816), ('active', 499597312), ('inactive', 139825152), ('buffers', 83890176), ('cached', 330158080), ('shared', 786432), ('slab', 97230848)])
INFO:root:Thu Sep  3 12:08:26 2020 | Successful | 233769 requests | Slack alert sent at Thu Sep  3 12:08:26 2020,
INFO:root:Thu Sep  3 12:08:49 2020 | Successful | No alert triggered
INFO:root:Thu Sep  3 12:09:10 2020 | Error | query returned 0 results
INFO:root:Thu Sep  3 12:09:11 2020 | Processing completed in 71.31 seconds
INFO:root:Thu Sep  3 12:09:11 2020 | cpu times: OrderedDict([('user', 263.3), ('nice', 20.17), ('system', 58.77), ('idle', 243583.31), ('iowait', 52.42), ('irq', 0.0), ('softirq', 1.61), ('steal', 23.74), ('guest', 0.0), ('guest_nice', 0.0)]) | virtual memory: OrderedDict([('total', 1026158592), ('available', 488235008), ('percent', 52.4), ('used', 374718464), ('free', 237371392), ('active', 515207168), ('inactive', 139829248), ('buffers', 83906560), ('cached', 330162176), ('shared', 786432), ('slab', 97247232)])
INFO:root:Thu Sep  3 12:10:11 2020 | cpu times: OrderedDict([('user', 263.33), ('nice', 20.17), ('system', 58.77), ('idle', 243643.17), ('iowait', 52.43), ('irq', 0.0), ('softirq', 1.61), ('steal', 23.75), ('guest', 0.0), ('guest_nice', 0.0)]) | virtual memory: OrderedDict([('total', 1026158592), ('available', 487227392), ('percent', 52.5), ('used', 375726080), ('free', 236339200), ('active', 516390912), ('inactive', 139829248), ('buffers', 83922944), ('cached', 330170368), ('shared', 786432), ('slab', 97247232)])
INFO:root:Thu Sep  3 12:11:11 2020 | cpu times: OrderedDict([('user', 263.35), ('nice', 20.17), ('system', 58.79), ('idle', 243703.1), ('iowait', 52.43), ('irq', 0.0), ('softirq', 1.61), ('steal', 23.75), ('guest', 0.0), ('guest_nice', 0.0)]) | virtual memory: OrderedDict([('total', 1026158592), ('available', 487321600), ('percent', 52.5), ('used', 375631872), ('free', 236339200), ('active', 515731456), ('inactive', 139866112), ('buffers', 83931136), ('cached', 330256384), ('shared', 786432), ('slab', 97247232)])
INFO:root:Thu Sep  3 12:12:11 2020 | cpu times: OrderedDict([('user', 263.37), ('nice', 20.17), ('system', 58.8), ('idle', 243763.02), ('iowait', 52.44), ('irq', 0.0), ('softirq', 1.61), ('steal', 23.76), ('guest', 0.0), ('guest_nice', 0.0)]) | virtual memory: OrderedDict([('total', 1026158592), ('available', 487890944), ('percent', 52.5), ('used', 375054336), ('free', 236855296), ('active', 515104768), ('inactive', 139878400), ('buffers', 83947520), ('cached', 330301440), ('shared', 786432), ('slab', 97247232)])
INFO:root:Thu Sep  3 12:13:11 2020 | cpu times: OrderedDict([('user', 263.39), ('nice', 20.17), ('system', 58.81), ('idle', 243822.89), ('iowait', 52.44), ('irq', 0.0), ('softirq', 1.61), ('steal', 23.77), ('guest', 0.0), ('guest_nice', 0.0)]) | virtual memory: OrderedDict([('total', 1026158592), ('available', 487739392), ('percent', 52.5), ('used', 375214080), ('free', 236597248), ('active', 515538944), ('inactive', 139882496), ('buffers', 83955712), ('cached', 330391552), ('shared', 786432), ('slab', 97247232)])
INFO:root:Thu Sep  3 12:14:11 2020 | cpu times: OrderedDict([('user', 263.49), ('nice', 20.17), ('system', 58.9), ('idle', 243882.59), ('iowait', 52.45), ('irq', 0.0), ('softirq', 1.62), ('steal', 23.77), ('guest', 0.0), ('guest_nice', 0.0)]) | virtual memory: OrderedDict([('total', 1026158592), ('available', 486432768), ('percent', 52.6), ('used', 376520704), ('free', 235274240), ('active', 516648960), ('inactive', 139825152), ('buffers', 83972096), ('cached', 330391552), ('shared', 786432), ('slab', 97247232)])
INFO:root:Thu Sep  3 12:15:11 2020 | cpu times: OrderedDict([('user', 263.53), ('nice', 20.17), ('system', 58.92), ('idle', 243942.42), ('iowait', 52.45), ('irq', 0.0), ('softirq', 1.62), ('steal', 23.78), ('guest', 0.0), ('guest_nice', 0.0)]) | virtual memory: OrderedDict([('total', 1026158592), ('available', 487731200), ('percent', 52.5), ('used', 375222272), ('free', 236564480), ('active', 515538944), ('inactive', 139825152), ('buffers', 83980288), ('cached', 330391552), ('shared', 786432), ('slab', 97247232)])
INFO:root:Thu Sep  3 12:16:11 2020 | cpu times: OrderedDict([('user', 263.56), ('nice', 20.17), ('system', 58.93), ('idle', 244002.29), ('iowait', 52.46), ('irq', 0.0), ('softirq', 1.62), ('steal', 23.78), ('guest', 0.0), ('guest_nice', 0.0)]) | virtual memory: OrderedDict([('total', 1026158592), ('available', 487481344), ('percent', 52.5), ('used', 375463936), ('free', 236306432), ('active', 515907584), ('inactive', 139825152), ('buffers', 83996672), ('cached', 330391552), ('shared', 786432), ('slab', 97247232)])
INFO:root:Thu Sep  3 12:17:11 2020 | cpu times: OrderedDict([('user', 263.59), ('nice', 20.17), ('system', 58.94), ('idle', 244062.21), ('iowait', 52.46), ('irq', 0.0), ('softirq', 1.62), ('steal', 23.78), ('guest', 0.0), ('guest_nice', 0.0)]) | virtual memory: OrderedDict([('total', 1026158592), ('available', 486477824), ('percent', 52.6), ('used', 376475648), ('free', 235274240), ('active', 516493312), ('inactive', 139825152), ('buffers', 84004864), ('cached', 330403840), ('shared', 786432), ('slab', 97247232)])
INFO:root:Thu Sep  3 12:18:11 2020 | cpu times: OrderedDict([('user', 263.7), ('nice', 20.17), ('system', 59.03), ('idle', 244121.94), ('iowait', 52.47), ('irq', 0.0), ('softirq', 1.63), ('steal', 23.79), ('guest', 0.0), ('guest_nice', 0.0)]) | virtual memory: OrderedDict([('total', 1026158592), ('available', 485507072), ('percent', 52.7), ('used', 377438208), ('free', 234291200), ('active', 517668864), ('inactive', 139780096), ('buffers', 84021248), ('cached', 330407936), ('shared', 786432), ('slab', 97247232)])
WARNING:googleapiclient.discovery_cache:file_cache is unavailable when using oauth2client >= 4.0.0 or google-auth
Traceback (most recent call last):
  File "/home/ubuntu/.local/share/virtualenvs/ams-alert-monitoring-DDDj364Y/lib/python3.7/site-packages/googleapiclient/discovery_cache/file_cache.py", line 33, in <module>
    from oauth2client.contrib.locked_file import LockedFile
ModuleNotFoundError: No module named 'oauth2client'

During handling of the above exception, another exception occurred:

Traceback (most recent call last):
  File "/home/ubuntu/.local/share/virtualenvs/ams-alert-monitoring-DDDj364Y/lib/python3.7/site-packages/googleapiclient/discovery_cache/file_cache.py", line 37, in <module>
    from oauth2client.locked_file import LockedFile
ModuleNotFoundError: No module named 'oauth2client'

During handling of the above exception, another exception occurred:

Traceback (most recent call last):
  File "/home/ubuntu/.local/share/virtualenvs/ams-alert-monitoring-DDDj364Y/lib/python3.7/site-packages/googleapiclient/discovery_cache/__init__.py", line 44, in autodetect
    from . import file_cache
  File "/home/ubuntu/.local/share/virtualenvs/ams-alert-monitoring-DDDj364Y/lib/python3.7/site-packages/googleapiclient/discovery_cache/file_cache.py", line 41, in <module>
    "file_cache is unavailable when using oauth2client >= 4.0.0 or google-auth"
ImportError: file_cache is unavailable when using oauth2client >= 4.0.0 or google-auth
INFO:root:Thu Sep  3 12:19:12 2020 | Data from Google Sheet retrieved at Thu Sep  3 12:19:12 2020
INFO:root:Thu Sep  3 12:19:12 2020 | cpu times: OrderedDict([('user', 263.87), ('nice', 20.17), ('system', 59.07), ('idle', 244182.81), ('iowait', 52.47), ('irq', 0.0), ('softirq', 1.63), ('steal', 23.8), ('guest', 0.0), ('guest_nice', 0.0)]) | virtual memory: OrderedDict([('total', 1026158592), ('available', 467738624), ('percent', 54.4), ('used', 395214848), ('free', 216485888), ('active', 536514560), ('inactive', 139800576), ('buffers', 84029440), ('cached', 330428416), ('shared', 786432), ('slab', 97247232)])
INFO:root:Thu Sep  3 12:19:12 2020 | Beginning processing at Thu Sep  3 12:19:12 2020, running 2 queries
INFO:root:Thu Sep  3 12:19:12 2020 | cpu times: OrderedDict([('user', 263.87), ('nice', 20.17), ('system', 59.07), ('idle', 244182.81), ('iowait', 52.47), ('irq', 0.0), ('softirq', 1.63), ('steal', 23.8), ('guest', 0.0), ('guest_nice', 0.0)]) | virtual memory: OrderedDict([('total', 1026158592), ('available', 467222528), ('percent', 54.5), ('used', 395730944), ('free', 215969792), ('active', 536920064), ('inactive', 139800576), ('buffers', 84029440), ('cached', 330428416), ('shared', 786432), ('slab', 97247232)])
INFO:root:Thu Sep  3 12:19:28 2020 | Successful | No alert triggered
INFO:root:Thu Sep  3 12:19:45 2020 | Successful | No alert triggered
INFO:root:Thu Sep  3 12:19:45 2020 | Processing completed in 32.30 seconds
INFO:root:Thu Sep  3 12:19:45 2020 | cpu times: OrderedDict([('user', 264.13), ('nice', 20.17), ('system', 59.11), ('idle', 244214.75), ('iowait', 52.48), ('irq', 0.0), ('softirq', 1.63), ('steal', 23.8), ('guest', 0.0), ('guest_nice', 0.0)]) | virtual memory: OrderedDict([('total', 1026158592), ('available', 460521472), ('percent', 55.1), ('used', 402432000), ('free', 209260544), ('active', 542969856), ('inactive', 139800576), ('buffers', 84037632), ('cached', 330428416), ('shared', 786432), ('slab', 97247232)])
INFO:root:Thu Sep  3 12:20:45 2020 | cpu times: OrderedDict([('user', 264.44), ('nice', 20.17), ('system', 59.37), ('idle', 244274.08), ('iowait', 52.49), ('irq', 0.0), ('softirq', 1.63), ('steal', 23.81), ('guest', 0.0), ('guest_nice', 0.0)]) | virtual memory: OrderedDict([('total', 1026158592), ('available', 459636736), ('percent', 55.2), ('used', 403316736), ('free', 208244736), ('active', 543526912), ('inactive', 139816960), ('buffers', 84078592), ('cached', 330518528), ('shared', 786432), ('slab', 97239040)])
INFO:root:Thu Sep  3 12:21:45 2020 | cpu times: OrderedDict([('user', 264.63), ('nice', 20.17), ('system', 59.46), ('idle', 244333.67), ('iowait', 52.49), ('irq', 0.0), ('softirq', 1.63), ('steal', 23.82), ('guest', 0.0), ('guest_nice', 0.0)]) | virtual memory: OrderedDict([('total', 1026158592), ('available', 460169216), ('percent', 55.2), ('used', 402784256), ('free', 208760832), ('active', 543563776), ('inactive', 139816960), ('buffers', 84094976), ('cached', 330518528), ('shared', 786432), ('slab', 97239040)])
